[1.702s] DEBUG:colcon:Command line arguments: ['/usr/bin/colcon', 'build']
[1.702s] DEBUG:colcon:Parsed command line arguments: Namespace(log_base=None, log_level=None, verb_name='build', build_base='build', install_base='install', merge_install=False, symlink_install=False, test_result_base=None, continue_on_error=False, executor='parallel', parallel_workers=4, event_handlers=None, ignore_user_meta=False, metas=['./colcon.meta'], base_paths=['.'], packages_ignore=None, packages_ignore_regex=None, paths=None, packages_up_to=None, packages_up_to_regex=None, packages_above=None, packages_above_and_dependencies=None, packages_above_depth=None, packages_select_by_dep=None, packages_skip_by_dep=None, packages_skip_up_to=None, packages_select_build_failed=False, packages_skip_build_finished=False, packages_select_test_failures=False, packages_skip_test_passed=False, packages_select=None, packages_skip=None, packages_select_regex=None, packages_skip_regex=None, packages_start=None, packages_end=None, allow_overriding=[], cmake_args=None, cmake_target=None, cmake_target_skip_unavailable=False, cmake_clean_cache=False, cmake_clean_first=False, cmake_force_configure=False, ament_cmake_args=None, catkin_cmake_args=None, catkin_skip_building_tests=False, verb_parser=<colcon_defaults.argument_parser.defaults.DefaultArgumentsDecorator object at 0x7f340497ab30>, verb_extension=<colcon_core.verb.build.BuildVerb object at 0x7f3404992b90>, main=<bound method BuildVerb.main of <colcon_core.verb.build.BuildVerb object at 0x7f3404992b90>>)
[1.792s] Level 1:colcon.colcon_core.package_discovery:discover_packages(colcon_meta) check parameters
[1.792s] Level 1:colcon.colcon_core.package_discovery:discover_packages(recursive) check parameters
[1.792s] Level 1:colcon.colcon_core.package_discovery:discover_packages(ignore) check parameters
[1.792s] Level 1:colcon.colcon_core.package_discovery:discover_packages(path) check parameters
[1.792s] Level 1:colcon.colcon_core.package_discovery:discover_packages(colcon_meta) discover
[1.792s] Level 1:colcon.colcon_core.package_discovery:discover_packages(recursive) discover
[1.792s] INFO:colcon.colcon_core.package_discovery:Crawling recursively for packages in '/home/mark/autonomy_ws'
[1.792s] Level 1:colcon.colcon_core.package_identification:_identify(.) by extensions ['ignore', 'ignore_ament_install']
[1.792s] Level 1:colcon.colcon_core.package_identification:_identify(.) by extension 'ignore'
[1.792s] Level 1:colcon.colcon_core.package_identification:_identify(.) by extension 'ignore_ament_install'
[1.793s] Level 1:colcon.colcon_core.package_identification:_identify(.) by extensions ['colcon_pkg']
[1.793s] Level 1:colcon.colcon_core.package_identification:_identify(.) by extension 'colcon_pkg'
[1.793s] Level 1:colcon.colcon_core.package_identification:_identify(.) by extensions ['colcon_meta']
[1.793s] Level 1:colcon.colcon_core.package_identification:_identify(.) by extension 'colcon_meta'
[1.793s] Level 1:colcon.colcon_core.package_identification:_identify(.) by extensions ['ros']
[1.793s] Level 1:colcon.colcon_core.package_identification:_identify(.) by extension 'ros'
[1.808s] Level 1:colcon.colcon_core.package_identification:_identify(.) by extensions ['cmake', 'python']
[1.809s] Level 1:colcon.colcon_core.package_identification:_identify(.) by extension 'cmake'
[1.809s] Level 1:colcon.colcon_core.package_identification:_identify(.) by extension 'python'
[1.809s] Level 1:colcon.colcon_core.package_identification:_identify(.) by extensions ['python_setup_py']
[1.809s] Level 1:colcon.colcon_core.package_identification:_identify(.) by extension 'python_setup_py'
[1.809s] Level 1:colcon.colcon_core.package_identification:_identify(__pycache__) by extensions ['ignore', 'ignore_ament_install']
[1.809s] Level 1:colcon.colcon_core.package_identification:_identify(__pycache__) by extension 'ignore'
[1.809s] Level 1:colcon.colcon_core.package_identification:_identify(__pycache__) by extension 'ignore_ament_install'
[1.809s] Level 1:colcon.colcon_core.package_identification:_identify(__pycache__) by extensions ['colcon_pkg']
[1.809s] Level 1:colcon.colcon_core.package_identification:_identify(__pycache__) by extension 'colcon_pkg'
[1.809s] Level 1:colcon.colcon_core.package_identification:_identify(__pycache__) by extensions ['colcon_meta']
[1.809s] Level 1:colcon.colcon_core.package_identification:_identify(__pycache__) by extension 'colcon_meta'
[1.809s] Level 1:colcon.colcon_core.package_identification:_identify(__pycache__) by extensions ['ros']
[1.810s] Level 1:colcon.colcon_core.package_identification:_identify(__pycache__) by extension 'ros'
[1.810s] Level 1:colcon.colcon_core.package_identification:_identify(__pycache__) by extensions ['cmake', 'python']
[1.810s] Level 1:colcon.colcon_core.package_identification:_identify(__pycache__) by extension 'cmake'
[1.810s] Level 1:colcon.colcon_core.package_identification:_identify(__pycache__) by extension 'python'
[1.810s] Level 1:colcon.colcon_core.package_identification:_identify(__pycache__) by extensions ['python_setup_py']
[1.810s] Level 1:colcon.colcon_core.package_identification:_identify(__pycache__) by extension 'python_setup_py'
[1.810s] Level 1:colcon.colcon_core.package_identification:_identify(build) by extensions ['ignore', 'ignore_ament_install']
[1.810s] Level 1:colcon.colcon_core.package_identification:_identify(build) by extension 'ignore'
[1.810s] Level 1:colcon.colcon_core.package_identification:_identify(build) ignored
[1.810s] Level 1:colcon.colcon_core.package_identification:_identify(install) by extensions ['ignore', 'ignore_ament_install']
[1.810s] Level 1:colcon.colcon_core.package_identification:_identify(install) by extension 'ignore'
[1.810s] Level 1:colcon.colcon_core.package_identification:_identify(install) ignored
[1.810s] Level 1:colcon.colcon_core.package_identification:_identify(log) by extensions ['ignore', 'ignore_ament_install']
[1.811s] Level 1:colcon.colcon_core.package_identification:_identify(log) by extension 'ignore'
[1.811s] Level 1:colcon.colcon_core.package_identification:_identify(log) ignored
[1.811s] Level 1:colcon.colcon_core.package_identification:_identify(src) by extensions ['ignore', 'ignore_ament_install']
[1.811s] Level 1:colcon.colcon_core.package_identification:_identify(src) by extension 'ignore'
[1.811s] Level 1:colcon.colcon_core.package_identification:_identify(src) by extension 'ignore_ament_install'
[1.811s] Level 1:colcon.colcon_core.package_identification:_identify(src) by extensions ['colcon_pkg']
[1.811s] Level 1:colcon.colcon_core.package_identification:_identify(src) by extension 'colcon_pkg'
[1.811s] Level 1:colcon.colcon_core.package_identification:_identify(src) by extensions ['colcon_meta']
[1.811s] Level 1:colcon.colcon_core.package_identification:_identify(src) by extension 'colcon_meta'
[1.811s] Level 1:colcon.colcon_core.package_identification:_identify(src) by extensions ['ros']
[1.811s] Level 1:colcon.colcon_core.package_identification:_identify(src) by extension 'ros'
[1.811s] Level 1:colcon.colcon_core.package_identification:_identify(src) by extensions ['cmake', 'python']
[1.811s] Level 1:colcon.colcon_core.package_identification:_identify(src) by extension 'cmake'
[1.811s] Level 1:colcon.colcon_core.package_identification:_identify(src) by extension 'python'
[1.811s] Level 1:colcon.colcon_core.package_identification:_identify(src) by extensions ['python_setup_py']
[1.811s] Level 1:colcon.colcon_core.package_identification:_identify(src) by extension 'python_setup_py'
[1.811s] Level 1:colcon.colcon_core.package_identification:_identify(src/autonomy_repo) by extensions ['ignore', 'ignore_ament_install']
[1.812s] Level 1:colcon.colcon_core.package_identification:_identify(src/autonomy_repo) by extension 'ignore'
[1.812s] Level 1:colcon.colcon_core.package_identification:_identify(src/autonomy_repo) by extension 'ignore_ament_install'
[1.812s] Level 1:colcon.colcon_core.package_identification:_identify(src/autonomy_repo) by extensions ['colcon_pkg']
[1.812s] Level 1:colcon.colcon_core.package_identification:_identify(src/autonomy_repo) by extension 'colcon_pkg'
[1.812s] Level 1:colcon.colcon_core.package_identification:_identify(src/autonomy_repo) by extensions ['colcon_meta']
[1.812s] Level 1:colcon.colcon_core.package_identification:_identify(src/autonomy_repo) by extension 'colcon_meta'
[1.812s] Level 1:colcon.colcon_core.package_identification:_identify(src/autonomy_repo) by extensions ['ros']
[1.812s] Level 1:colcon.colcon_core.package_identification:_identify(src/autonomy_repo) by extension 'ros'
[1.816s] DEBUG:colcon.colcon_core.package_identification:Package 'src/autonomy_repo' with type 'ros.ament_cmake' and name 'autonomy_repo'
[1.816s] Level 1:colcon.colcon_core.package_discovery:discover_packages(recursive) using defaults
[1.816s] Level 1:colcon.colcon_core.package_discovery:discover_packages(ignore) discover
[1.816s] Level 1:colcon.colcon_core.package_discovery:discover_packages(ignore) using defaults
[1.816s] Level 1:colcon.colcon_core.package_discovery:discover_packages(path) discover
[1.816s] Level 1:colcon.colcon_core.package_discovery:discover_packages(path) using defaults
[1.952s] Level 1:colcon.colcon_core.package_discovery:discover_packages(prefix_path) check parameters
[1.952s] Level 1:colcon.colcon_core.package_discovery:discover_packages(prefix_path) discover
[2.024s] DEBUG:colcon.colcon_installed_package_information.package_discovery:Found 17 installed packages in /home/mark/tb_ws/install
[2.046s] DEBUG:colcon.colcon_installed_package_information.package_discovery:Found 234 installed packages in /opt/ros/humble
[2.047s] Level 1:colcon.colcon_core.package_discovery:discover_packages(prefix_path) using defaults
[2.180s] Level 5:colcon.colcon_core.verb:set package 'autonomy_repo' build argument 'cmake_args' from command line to 'None'
[2.181s] Level 5:colcon.colcon_core.verb:set package 'autonomy_repo' build argument 'cmake_target' from command line to 'None'
[2.181s] Level 5:colcon.colcon_core.verb:set package 'autonomy_repo' build argument 'cmake_target_skip_unavailable' from command line to 'False'
[2.181s] Level 5:colcon.colcon_core.verb:set package 'autonomy_repo' build argument 'cmake_clean_cache' from command line to 'False'
[2.181s] Level 5:colcon.colcon_core.verb:set package 'autonomy_repo' build argument 'cmake_clean_first' from command line to 'False'
[2.181s] Level 5:colcon.colcon_core.verb:set package 'autonomy_repo' build argument 'cmake_force_configure' from command line to 'False'
[2.181s] Level 5:colcon.colcon_core.verb:set package 'autonomy_repo' build argument 'ament_cmake_args' from command line to 'None'
[2.181s] Level 5:colcon.colcon_core.verb:set package 'autonomy_repo' build argument 'catkin_cmake_args' from command line to 'None'
[2.181s] Level 5:colcon.colcon_core.verb:set package 'autonomy_repo' build argument 'catkin_skip_building_tests' from command line to 'False'
[2.181s] DEBUG:colcon.colcon_core.verb:Building package 'autonomy_repo' with the following arguments: {'ament_cmake_args': None, 'build_base': '/home/mark/autonomy_ws/build/autonomy_repo', 'catkin_cmake_args': None, 'catkin_skip_building_tests': False, 'cmake_args': None, 'cmake_clean_cache': False, 'cmake_clean_first': False, 'cmake_force_configure': False, 'cmake_target': None, 'cmake_target_skip_unavailable': False, 'install_base': '/home/mark/autonomy_ws/install/autonomy_repo', 'merge_install': False, 'path': '/home/mark/autonomy_ws/src/autonomy_repo', 'symlink_install': False, 'test_result_base': None}
[2.202s] INFO:colcon.colcon_core.executor:Executing jobs using 'parallel' executor
[2.223s] DEBUG:colcon.colcon_parallel_executor.executor.parallel:run_until_complete
[2.224s] INFO:colcon.colcon_ros.task.ament_cmake.build:Building ROS package in '/home/mark/autonomy_ws/src/autonomy_repo' with build type 'ament_cmake'
[2.224s] INFO:colcon.colcon_cmake.task.cmake.build:Building CMake package in '/home/mark/autonomy_ws/src/autonomy_repo'
[2.248s] INFO:colcon.colcon_core.plugin_system:Skipping extension 'colcon_core.shell.bat': Not used on non-Windows systems
[2.248s] INFO:colcon.colcon_core.shell:Skip shell extension 'powershell' for command environment: Not usable outside of PowerShell
[2.248s] DEBUG:colcon.colcon_core.shell:Skip shell extension 'dsv' for command environment
[2.327s] DEBUG:colcon.colcon_core.event_handler.log_command:Invoking command in '/home/mark/autonomy_ws/build/autonomy_repo': CMAKE_PREFIX_PATH=${CMAKE_PREFIX_PATH}:/opt/ros/humble /home/mark/.local/bin/cmake --build /home/mark/autonomy_ws/build/autonomy_repo -- -j4 -l4
[2.397s] DEBUG:colcon.colcon_core.event_handler.log_command:Invoked command in '/home/mark/autonomy_ws/build/autonomy_repo' returned '0': CMAKE_PREFIX_PATH=${CMAKE_PREFIX_PATH}:/opt/ros/humble /home/mark/.local/bin/cmake --build /home/mark/autonomy_ws/build/autonomy_repo -- -j4 -l4
[2.490s] DEBUG:colcon.colcon_core.event_handler.log_command:Invoking command in '/home/mark/autonomy_ws/build/autonomy_repo': CMAKE_PREFIX_PATH=${CMAKE_PREFIX_PATH}:/opt/ros/humble /home/mark/.local/bin/cmake --install /home/mark/autonomy_ws/build/autonomy_repo
[2.533s] Level 1:colcon.colcon_core.environment:create_environment_scripts_only(autonomy_repo)
[2.534s] DEBUG:colcon.colcon_core.event_handler.log_command:Invoked command in '/home/mark/autonomy_ws/build/autonomy_repo' returned '0': CMAKE_PREFIX_PATH=${CMAKE_PREFIX_PATH}:/opt/ros/humble /home/mark/.local/bin/cmake --install /home/mark/autonomy_ws/build/autonomy_repo
[2.559s] Level 1:colcon.colcon_core.environment:checking '/home/mark/autonomy_ws/install/autonomy_repo' for CMake module files
[2.559s] Level 1:colcon.colcon_core.environment:checking '/home/mark/autonomy_ws/install/autonomy_repo' for CMake config files
[2.559s] Level 1:colcon.colcon_core.shell:create_environment_hook('autonomy_repo', 'cmake_prefix_path')
[2.581s] INFO:colcon.colcon_core.shell:Creating environment hook '/home/mark/autonomy_ws/install/autonomy_repo/share/autonomy_repo/hook/cmake_prefix_path.ps1'
[2.582s] INFO:colcon.colcon_core.shell:Creating environment descriptor '/home/mark/autonomy_ws/install/autonomy_repo/share/autonomy_repo/hook/cmake_prefix_path.dsv'
[2.582s] INFO:colcon.colcon_core.shell:Creating environment hook '/home/mark/autonomy_ws/install/autonomy_repo/share/autonomy_repo/hook/cmake_prefix_path.sh'
[2.583s] Level 1:colcon.colcon_core.environment:checking '/home/mark/autonomy_ws/install/autonomy_repo/lib'
[2.583s] Level 1:colcon.colcon_core.environment:checking '/home/mark/autonomy_ws/install/autonomy_repo/bin'
[2.583s] Level 1:colcon.colcon_core.environment:checking '/home/mark/autonomy_ws/install/autonomy_repo/lib/pkgconfig/autonomy_repo.pc'
[2.584s] Level 1:colcon.colcon_core.environment:checking '/home/mark/autonomy_ws/install/autonomy_repo/lib/python3.10/site-packages'
[2.584s] Level 1:colcon.colcon_core.environment:checking '/home/mark/autonomy_ws/install/autonomy_repo/bin'
[2.605s] INFO:colcon.colcon_core.shell:Creating package script '/home/mark/autonomy_ws/install/autonomy_repo/share/autonomy_repo/package.ps1'
[2.606s] INFO:colcon.colcon_core.shell:Creating package descriptor '/home/mark/autonomy_ws/install/autonomy_repo/share/autonomy_repo/package.dsv'
[2.607s] INFO:colcon.colcon_core.shell:Creating package script '/home/mark/autonomy_ws/install/autonomy_repo/share/autonomy_repo/package.sh'
[2.607s] INFO:colcon.colcon_core.shell:Creating package script '/home/mark/autonomy_ws/install/autonomy_repo/share/autonomy_repo/package.bash'
[2.608s] INFO:colcon.colcon_core.shell:Creating package script '/home/mark/autonomy_ws/install/autonomy_repo/share/autonomy_repo/package.zsh'
[2.609s] Level 1:colcon.colcon_core.environment:create_file_with_runtime_dependencies(/home/mark/autonomy_ws/install/autonomy_repo/share/colcon-core/packages/autonomy_repo)
[2.684s] Level 1:colcon.colcon_core.environment:create_environment_scripts_only(autonomy_repo)
[2.705s] Level 1:colcon.colcon_core.environment:checking '/home/mark/autonomy_ws/install/autonomy_repo' for CMake module files
[2.705s] Level 1:colcon.colcon_core.environment:checking '/home/mark/autonomy_ws/install/autonomy_repo' for CMake config files
[2.706s] Level 1:colcon.colcon_core.shell:create_environment_hook('autonomy_repo', 'cmake_prefix_path')
[2.727s] INFO:colcon.colcon_core.shell:Creating environment hook '/home/mark/autonomy_ws/install/autonomy_repo/share/autonomy_repo/hook/cmake_prefix_path.ps1'
[2.728s] INFO:colcon.colcon_core.shell:Creating environment descriptor '/home/mark/autonomy_ws/install/autonomy_repo/share/autonomy_repo/hook/cmake_prefix_path.dsv'
[2.728s] INFO:colcon.colcon_core.shell:Creating environment hook '/home/mark/autonomy_ws/install/autonomy_repo/share/autonomy_repo/hook/cmake_prefix_path.sh'
[2.729s] Level 1:colcon.colcon_core.environment:checking '/home/mark/autonomy_ws/install/autonomy_repo/lib'
[2.729s] Level 1:colcon.colcon_core.environment:checking '/home/mark/autonomy_ws/install/autonomy_repo/bin'
[2.729s] Level 1:colcon.colcon_core.environment:checking '/home/mark/autonomy_ws/install/autonomy_repo/lib/pkgconfig/autonomy_repo.pc'
[2.729s] Level 1:colcon.colcon_core.environment:checking '/home/mark/autonomy_ws/install/autonomy_repo/lib/python3.10/site-packages'
[2.729s] Level 1:colcon.colcon_core.environment:checking '/home/mark/autonomy_ws/install/autonomy_repo/bin'
[2.751s] INFO:colcon.colcon_core.shell:Creating package script '/home/mark/autonomy_ws/install/autonomy_repo/share/autonomy_repo/package.ps1'
[2.752s] INFO:colcon.colcon_core.shell:Creating package descriptor '/home/mark/autonomy_ws/install/autonomy_repo/share/autonomy_repo/package.dsv'
[2.753s] INFO:colcon.colcon_core.shell:Creating package script '/home/mark/autonomy_ws/install/autonomy_repo/share/autonomy_repo/package.sh'
[2.753s] INFO:colcon.colcon_core.shell:Creating package script '/home/mark/autonomy_ws/install/autonomy_repo/share/autonomy_repo/package.bash'
[2.754s] INFO:colcon.colcon_core.shell:Creating package script '/home/mark/autonomy_ws/install/autonomy_repo/share/autonomy_repo/package.zsh'
[2.754s] Level 1:colcon.colcon_core.environment:create_file_with_runtime_dependencies(/home/mark/autonomy_ws/install/autonomy_repo/share/colcon-core/packages/autonomy_repo)
[2.755s] DEBUG:colcon.colcon_parallel_executor.executor.parallel:closing loop
[2.755s] DEBUG:colcon.colcon_parallel_executor.executor.parallel:loop closed
[2.755s] DEBUG:colcon.colcon_parallel_executor.executor.parallel:run_until_complete finished with '0'
[2.755s] DEBUG:colcon.colcon_core.event_reactor:joining thread
[2.786s] INFO:colcon.colcon_core.plugin_system:Skipping extension 'colcon_notification.desktop_notification.terminal_notifier': Not used on non-Darwin systems
[2.786s] INFO:colcon.colcon_core.plugin_system:Skipping extension 'colcon_notification.desktop_notification.win32': Not used on non-Windows systems
[2.786s] INFO:colcon.colcon_notification.desktop_notification:Sending desktop notification using 'notify2'
[2.799s] DEBUG:colcon.colcon_core.event_reactor:joined thread
[2.824s] INFO:colcon.colcon_core.shell:Creating prefix script '/home/mark/autonomy_ws/install/local_setup.ps1'
[2.825s] INFO:colcon.colcon_core.shell:Creating prefix util module '/home/mark/autonomy_ws/install/_local_setup_util_ps1.py'
[2.827s] INFO:colcon.colcon_core.shell:Creating prefix chain script '/home/mark/autonomy_ws/install/setup.ps1'
[2.857s] INFO:colcon.colcon_core.shell:Creating prefix script '/home/mark/autonomy_ws/install/local_setup.sh'
[2.857s] INFO:colcon.colcon_core.shell:Creating prefix util module '/home/mark/autonomy_ws/install/_local_setup_util_sh.py'
[2.858s] INFO:colcon.colcon_core.shell:Creating prefix chain script '/home/mark/autonomy_ws/install/setup.sh'
[2.883s] INFO:colcon.colcon_core.shell:Creating prefix script '/home/mark/autonomy_ws/install/local_setup.bash'
[2.884s] INFO:colcon.colcon_core.shell:Creating prefix chain script '/home/mark/autonomy_ws/install/setup.bash'
[2.910s] INFO:colcon.colcon_core.shell:Creating prefix script '/home/mark/autonomy_ws/install/local_setup.zsh'
[2.911s] INFO:colcon.colcon_core.shell:Creating prefix chain script '/home/mark/autonomy_ws/install/setup.zsh'
