[0.113s] Invoking command in '/home/mark/autonomy_ws/build/autonomy_repo': CMAKE_PREFIX_PATH=${CMAKE_PREFIX_PATH}:/opt/ros/humble /home/mark/.local/bin/cmake --build /home/mark/autonomy_ws/build/autonomy_repo -- -j4 -l4
[0.221s] Invoked command in '/home/mark/autonomy_ws/build/autonomy_repo' returned '0': CMAKE_PREFIX_PATH=${CMAKE_PREFIX_PATH}:/opt/ros/humble /home/mark/.local/bin/cmake --build /home/mark/autonomy_ws/build/autonomy_repo -- -j4 -l4
[0.317s] Invoking command in '/home/mark/autonomy_ws/build/autonomy_repo': CMAKE_PREFIX_PATH=${CMAKE_PREFIX_PATH}:/opt/ros/humble /home/mark/.local/bin/cmake --install /home/mark/autonomy_ws/build/autonomy_repo
[0.354s] -- Install configuration: ""
[0.355s] -- Up-to-date: /home/mark/autonomy_ws/install/autonomy_repo/lib/autonomy_repo/heading_controller.py
[0.355s] -- Up-to-date: /home/mark/autonomy_ws/install/autonomy_repo/lib/autonomy_repo/p3_plot.py
[0.355s] -- Up-to-date: /home/mark/autonomy_ws/install/autonomy_repo/share/autonomy_repo/launch
[0.355s] -- Up-to-date: /home/mark/autonomy_ws/install/autonomy_repo/share/autonomy_repo/launch/heading_control.launch.py
[0.356s] -- Up-to-date: /home/mark/autonomy_ws/install/autonomy_repo/share/autonomy_repo/rviz
[0.356s] -- Up-to-date: /home/mark/autonomy_ws/install/autonomy_repo/share/autonomy_repo/rviz/default.rviz
[0.356s] -- Up-to-date: /home/mark/autonomy_ws/install/autonomy_repo/share/ament_index/resource_index/package_run_dependencies/autonomy_repo
[0.357s] -- Up-to-date: /home/mark/autonomy_ws/install/autonomy_repo/share/ament_index/resource_index/parent_prefix_path/autonomy_repo
[0.357s] -- Up-to-date: /home/mark/autonomy_ws/install/autonomy_repo/share/autonomy_repo/environment/ament_prefix_path.sh
[0.357s] -- Up-to-date: /home/mark/autonomy_ws/install/autonomy_repo/share/autonomy_repo/environment/ament_prefix_path.dsv
[0.357s] -- Up-to-date: /home/mark/autonomy_ws/install/autonomy_repo/share/autonomy_repo/environment/path.sh
[0.357s] -- Up-to-date: /home/mark/autonomy_ws/install/autonomy_repo/share/autonomy_repo/environment/path.dsv
[0.358s] -- Up-to-date: /home/mark/autonomy_ws/install/autonomy_repo/share/autonomy_repo/local_setup.bash
[0.358s] -- Up-to-date: /home/mark/autonomy_ws/install/autonomy_repo/share/autonomy_repo/local_setup.sh
[0.358s] -- Up-to-date: /home/mark/autonomy_ws/install/autonomy_repo/share/autonomy_repo/local_setup.zsh
[0.358s] -- Up-to-date: /home/mark/autonomy_ws/install/autonomy_repo/share/autonomy_repo/local_setup.dsv
[0.358s] -- Installing: /home/mark/autonomy_ws/install/autonomy_repo/share/autonomy_repo/package.dsv
[0.359s] -- Up-to-date: /home/mark/autonomy_ws/install/autonomy_repo/share/ament_index/resource_index/packages/autonomy_repo
[0.359s] -- Up-to-date: /home/mark/autonomy_ws/install/autonomy_repo/share/autonomy_repo/cmake/autonomy_repoConfig.cmake
[0.359s] -- Up-to-date: /home/mark/autonomy_ws/install/autonomy_repo/share/autonomy_repo/cmake/autonomy_repoConfig-version.cmake
[0.359s] -- Up-to-date: /home/mark/autonomy_ws/install/autonomy_repo/share/autonomy_repo/package.xml
[0.365s] Invoked command in '/home/mark/autonomy_ws/build/autonomy_repo' returned '0': CMAKE_PREFIX_PATH=${CMAKE_PREFIX_PATH}:/opt/ros/humble /home/mark/.local/bin/cmake --install /home/mark/autonomy_ws/build/autonomy_repo
