[0.115s] Invoking command in '/home/mark/autonomy_ws/build/autonomy_repo': CMAKE_PREFIX_PATH=${CMAKE_PREFIX_PATH}:/opt/ros/humble /home/mark/.local/bin/cmake --build /home/mark/autonomy_ws/build/autonomy_repo -- -j4 -l4
[0.226s] -- Found ament_cmake: 1.3.5 (/opt/ros/humble/share/ament_cmake/cmake)
[0.518s] -- Found ament_lint_auto: 0.12.8 (/opt/ros/humble/share/ament_lint_auto/cmake)
[0.616s] -- Added test 'flake8' to check Python code syntax and style conventions
[0.617s] -- Added test 'lint_cmake' to check CMake code style
[0.617s] -- Added test 'pep257' to check Python code against some of the docstring style conventions in PEP 257
[0.620s] -- Added test 'xmllint' to check XML markup files
[0.622s] -- Configuring done (0.4s)
[0.634s] -- Generating done (0.0s)
[0.635s] -- Build files have been written to: /home/mark/autonomy_ws/build/autonomy_repo
[0.651s] Invoked command in '/home/mark/autonomy_ws/build/autonomy_repo' returned '0': CMAKE_PREFIX_PATH=${CMAKE_PREFIX_PATH}:/opt/ros/humble /home/mark/.local/bin/cmake --build /home/mark/autonomy_ws/build/autonomy_repo -- -j4 -l4
[0.745s] Invoking command in '/home/mark/autonomy_ws/build/autonomy_repo': CMAKE_PREFIX_PATH=${CMAKE_PREFIX_PATH}:/opt/ros/humble /home/mark/.local/bin/cmake --install /home/mark/autonomy_ws/build/autonomy_repo
[0.776s] -- Install configuration: ""
[0.776s] -- Up-to-date: /home/mark/autonomy_ws/install/autonomy_repo/lib/autonomy_repo/heading_controller.py
[0.776s] -- Up-to-date: /home/mark/autonomy_ws/install/autonomy_repo/lib/autonomy_repo/p3_plot.py
[0.777s] -- Up-to-date: /home/mark/autonomy_ws/install/autonomy_repo/lib/autonomy_repo/navigator.py
[0.777s] -- Up-to-date: /home/mark/autonomy_ws/install/autonomy_repo/share/autonomy_repo/launch
[0.777s] -- Installing: /home/mark/autonomy_ws/install/autonomy_repo/share/autonomy_repo/launch/navigator.launch.py
[0.777s] -- Up-to-date: /home/mark/autonomy_ws/install/autonomy_repo/share/autonomy_repo/launch/heading_control.launch.py
[0.777s] -- Up-to-date: /home/mark/autonomy_ws/install/autonomy_repo/share/autonomy_repo/rviz
[0.777s] -- Up-to-date: /home/mark/autonomy_ws/install/autonomy_repo/share/autonomy_repo/rviz/default.rviz
[0.778s] -- Up-to-date: /home/mark/autonomy_ws/install/autonomy_repo/share/ament_index/resource_index/package_run_dependencies/autonomy_repo
[0.778s] -- Up-to-date: /home/mark/autonomy_ws/install/autonomy_repo/share/ament_index/resource_index/parent_prefix_path/autonomy_repo
[0.778s] -- Up-to-date: /home/mark/autonomy_ws/install/autonomy_repo/share/autonomy_repo/environment/ament_prefix_path.sh
[0.778s] -- Installing: /home/mark/autonomy_ws/install/autonomy_repo/share/autonomy_repo/environment/ament_prefix_path.dsv
[0.778s] -- Up-to-date: /home/mark/autonomy_ws/install/autonomy_repo/share/autonomy_repo/environment/path.sh
[0.778s] -- Installing: /home/mark/autonomy_ws/install/autonomy_repo/share/autonomy_repo/environment/path.dsv
[0.778s] -- Up-to-date: /home/mark/autonomy_ws/install/autonomy_repo/share/autonomy_repo/local_setup.bash
[0.778s] -- Up-to-date: /home/mark/autonomy_ws/install/autonomy_repo/share/autonomy_repo/local_setup.sh
[0.778s] -- Up-to-date: /home/mark/autonomy_ws/install/autonomy_repo/share/autonomy_repo/local_setup.zsh
[0.778s] -- Installing: /home/mark/autonomy_ws/install/autonomy_repo/share/autonomy_repo/local_setup.dsv
[0.778s] -- Installing: /home/mark/autonomy_ws/install/autonomy_repo/share/autonomy_repo/package.dsv
[0.779s] -- Up-to-date: /home/mark/autonomy_ws/install/autonomy_repo/share/ament_index/resource_index/packages/autonomy_repo
[0.779s] -- Up-to-date: /home/mark/autonomy_ws/install/autonomy_repo/share/autonomy_repo/cmake/autonomy_repoConfig.cmake
[0.779s] -- Up-to-date: /home/mark/autonomy_ws/install/autonomy_repo/share/autonomy_repo/cmake/autonomy_repoConfig-version.cmake
[0.779s] -- Up-to-date: /home/mark/autonomy_ws/install/autonomy_repo/share/autonomy_repo/package.xml
[0.786s] Invoked command in '/home/mark/autonomy_ws/build/autonomy_repo' returned '0': CMAKE_PREFIX_PATH=${CMAKE_PREFIX_PATH}:/opt/ros/humble /home/mark/.local/bin/cmake --install /home/mark/autonomy_ws/build/autonomy_repo
